<?xml version="1.0" encoding="UTF-8"?>
<!-- Generated by org.testng.reporters.JUnitXMLReporter -->
<testsuite hostname="titas" name="Command line test" tests="2" failures="0" timestamp="9 Jul 2017 11:26:46 GMT" time="0.129" errors="0">
  <testcase name="@BeforeTest setup" time="0.0" classname="testcases.testFacebookLoginPage">
    <failure type="java.lang.IllegalStateException" message="The driver executable does not exist: G:\FacebookStatus\target\.\geckodriver\geckodriver.exe">
      <![CDATA[java.lang.IllegalStateException: The driver executable does not exist: G:\FacebookStatus\target\.\geckodriver\geckodriver.exe
	at com.google.common.base.Preconditions.checkState(Preconditions.java:518)
	at org.openqa.selenium.remote.service.DriverService.checkExecutable(DriverService.java:136)
	at org.openqa.selenium.remote.service.DriverService.findExecutable(DriverService.java:131)
	at org.openqa.selenium.firefox.GeckoDriverService.access$100(GeckoDriverService.java:41)
	at org.openqa.selenium.firefox.GeckoDriverService$Builder.findDefaultExecutable(GeckoDriverService.java:115)
	at org.openqa.selenium.remote.service.DriverService$Builder.build(DriverService.java:330)
	at org.openqa.selenium.firefox.FirefoxDriver.toExecutor(FirefoxDriver.java:207)
	at org.openqa.selenium.firefox.FirefoxDriver.<init>(FirefoxDriver.java:108)
	at testcases.testFacebookLoginPage.setup(testFacebookLoginPage.java:43)
	at Main.main(Main.java:12)
... Removed 19 stack frames]]>
    </failure>
  </testcase> <!-- @BeforeTest setup -->
  <testcase name="test_Login" time="0.005" classname="testcases.testFacebookLoginPage">
    <skipped/>
  </testcase> <!-- test_Login -->
  <testcase name="test_Post" time="0.0" classname="testcases.testFacebookLoginPage">
    <skipped/>
  </testcase> <!-- test_Post -->
</testsuite> <!-- Command line test -->
