<?xml version="1.0" encoding="UTF-8"?>
<!-- Generated by org.testng.reporters.JUnitXMLReporter -->
<testsuite hostname="titas" name="Login" tests="1" failures="1" timestamp="4 Sep 2017 03:32:12 GMT" time="0.11" errors="0">
  <testcase name="test_Login" time="0.108" classname="testcases.testFacebookLoginPage">
    <failure type="org.testng.TestNGException" message="
The data provider is trying to pass 2 parameters but the method testcases.testFacebookLoginPage#test_Login takes 0">
      <![CDATA[org.testng.TestNGException: 
The data provider is trying to pass 2 parameters but the method testcases.testFacebookLoginPage#test_Login takes 0
	at Main.main(Main.java:21)
	at com.intellij.rt.execution.application.AppMain.main(AppMain.java:140)
... Removed 19 stack frames]]>
    </failure>
  </testcase> <!-- test_Login -->
</testsuite> <!-- Login -->
